<?xml version="1.0" encoding="UTF-8"?>
<!-- Generated by org.testng.reporters.JUnitXMLReporter -->
<testsuite ignored="0" hostname="LTIN217228" failures="0" tests="5" name="Test1" time="202.057" errors="0" timestamp="2024-02-15T10:50:54 IST">
  <testcase classname="TestCases.TC_001_FindDetailsOfBookShelves" name="searchbookshelves" time="47.478"/>
  <testcase classname="TestCases.TC_002_ItemsUnderLiving" name="Items" time="16.37"/>
  <testcase classname="TestCases.TC_003_GiftCards" name="ClickGiftCards" time="73.121"/>
  <testcase classname="TestCases.TC_003_GiftCards" name="GetErrorMsg" time="13.332"/>
  <testcase classname="TestCases.TC_003_GiftCards" name="ValidateDetails" time="20.564"/>
</testsuite> <!-- Test1 -->
