<?xml version="1.0" encoding="UTF-8"?>
<testng-results ignored="0" total="5" passed="5" failed="0" skipped="0">
  <reporter-output>
  </reporter-output>
  <suite started-at="2024-02-15T10:47:30 IST" name="Suite" finished-at="2024-02-15T10:50:53 IST" duration-ms="202057">
    <groups>
    </groups>
    <test started-at="2024-02-15T10:47:30 IST" name="Test1" finished-at="2024-02-15T10:50:53 IST" duration-ms="202057">
      <class name="TestCases.TC_003_GiftCards">
        <test-method is-config="true" signature="setUp(java.lang.String,java.lang.String)[pri:0, instance:TestCases.TC_003_GiftCards@46cdf8bd]" started-at="2024-02-15T10:47:32 IST" name="setUp" finished-at="2024-02-15T10:47:52 IST" duration-ms="20699" status="PASS">
          <params>
            <param index="0">
              <value>
                <![CDATA[Windows]]>
              </value>
            </param>
            <param index="1">
              <value>
                <![CDATA[chrome]]>
              </value>
            </param>
          </params>
          <reporter-output>
          </reporter-output>
        </test-method> <!-- setUp -->
        <test-method signature="searchbookshelves()[pri:1, instance:TestCases.TC_003_GiftCards@46cdf8bd]" started-at="2024-02-15T10:47:53 IST" name="searchbookshelves" finished-at="2024-02-15T10:48:40 IST" duration-ms="47478" status="PASS">
          <reporter-output>
          </reporter-output>
        </test-method> <!-- searchbookshelves -->
        <test-method signature="Items()[pri:3, instance:TestCases.TC_003_GiftCards@46cdf8bd]" started-at="2024-02-15T10:48:41 IST" name="Items" finished-at="2024-02-15T10:48:57 IST" duration-ms="16370" status="PASS">
          <reporter-output>
          </reporter-output>
        </test-method> <!-- Items -->
        <test-method signature="ClickGiftCards(java.lang.String,java.lang.String,java.lang.String,java.lang.String,java.lang.String,java.lang.String,java.lang.String,java.lang.String,java.lang.String,java.lang.String,java.lang.String)[pri:4, instance:TestCases.TC_003_GiftCards@46cdf8bd]" started-at="2024-02-15T10:49:01 IST" name="ClickGiftCards" data-provider="giftData" finished-at="2024-02-15T10:50:14 IST" duration-ms="73121" status="PASS">
          <params>
            <param index="0">
              <value>
                <![CDATA[1500]]>
              </value>
            </param>
            <param index="1">
              <value>
                <![CDATA[Harish]]>
              </value>
            </param>
            <param index="2">
              <value>
                <![CDATA[harish@gmail.com]]>
              </value>
            </param>
            <param index="3">
              <value>
                <![CDATA[8945272835]]>
              </value>
            </param>
            <param index="4">
              <value>
                <![CDATA[Alok]]>
              </value>
            </param>
            <param index="5">
              <value>
                <![CDATA[alok@gmail.com]]>
              </value>
            </param>
            <param index="6">
              <value>
                <![CDATA[8050234147]]>
              </value>
            </param>
            <param index="7">
              <value>
                <![CDATA[Hubli]]>
              </value>
            </param>
            <param index="8">
              <value>
                <![CDATA[560045]]>
              </value>
            </param>
            <param index="9">
              <value>
                <![CDATA[Hubli]]>
              </value>
            </param>
            <param index="10">
              <value>
                <![CDATA[harish@fsfsx]]>
              </value>
            </param>
          </params>
          <reporter-output>
          </reporter-output>
        </test-method> <!-- ClickGiftCards -->
        <test-method signature="GetErrorMsg()[pri:6, instance:TestCases.TC_003_GiftCards@46cdf8bd]" started-at="2024-02-15T10:50:15 IST" name="GetErrorMsg" finished-at="2024-02-15T10:50:28 IST" duration-ms="13332" status="PASS">
          <reporter-output>
          </reporter-output>
        </test-method> <!-- GetErrorMsg -->
        <test-method signature="ValidateDetails(java.lang.String,java.lang.String,java.lang.String,java.lang.String,java.lang.String,java.lang.String,java.lang.String,java.lang.String,java.lang.String,java.lang.String,java.lang.String)[pri:7, instance:TestCases.TC_003_GiftCards@46cdf8bd]" started-at="2024-02-15T10:50:30 IST" name="ValidateDetails" data-provider="giftData" finished-at="2024-02-15T10:50:50 IST" duration-ms="20564" status="PASS">
          <params>
            <param index="0">
              <value>
                <![CDATA[1500]]>
              </value>
            </param>
            <param index="1">
              <value>
                <![CDATA[Harish]]>
              </value>
            </param>
            <param index="2">
              <value>
                <![CDATA[harish@gmail.com]]>
              </value>
            </param>
            <param index="3">
              <value>
                <![CDATA[8945272835]]>
              </value>
            </param>
            <param index="4">
              <value>
                <![CDATA[Alok]]>
              </value>
            </param>
            <param index="5">
              <value>
                <![CDATA[alok@gmail.com]]>
              </value>
            </param>
            <param index="6">
              <value>
                <![CDATA[8050234147]]>
              </value>
            </param>
            <param index="7">
              <value>
                <![CDATA[Hubli]]>
              </value>
            </param>
            <param index="8">
              <value>
                <![CDATA[560045]]>
              </value>
            </param>
            <param index="9">
              <value>
                <![CDATA[Hubli]]>
              </value>
            </param>
            <param index="10">
              <value>
                <![CDATA[harish@fsfsx]]>
              </value>
            </param>
          </params>
          <reporter-output>
          </reporter-output>
        </test-method> <!-- ValidateDetails -->
        <test-method is-config="true" signature="tearDown()[pri:0, instance:TestCases.TC_003_GiftCards@46cdf8bd]" started-at="2024-02-15T10:50:51 IST" name="tearDown" finished-at="2024-02-15T10:50:53 IST" duration-ms="1645" status="PASS">
          <reporter-output>
          </reporter-output>
        </test-method> <!-- tearDown -->
      </class> <!-- TestCases.TC_003_GiftCards -->
    </test> <!-- Test1 -->
  </suite> <!-- Suite -->
</testng-results>
