<?xml version="1.0" encoding="UTF-8"?>
<testng-results ignored="0" total="5" passed="5" failed="0" skipped="0">
  <reporter-output>
  </reporter-output>
  <suite started-at="2024-02-08T16:22:31 IST" name="Suite" finished-at="2024-02-08T16:25:10 IST" duration-ms="159103">
    <groups>
    </groups>
    <test started-at="2024-02-08T16:22:31 IST" name="Test1" finished-at="2024-02-08T16:25:10 IST" duration-ms="159103">
      <class name="TestCases.TC_003_GiftCards">
        <test-method is-config="true" signature="setUp(java.lang.String,java.lang.String)[pri:0, instance:TestCases.TC_003_GiftCards@46cdf8bd]" started-at="2024-02-08T16:22:32 IST" name="setUp" finished-at="2024-02-08T16:22:48 IST" duration-ms="15662" status="PASS">
          <params>
            <param index="0">
              <value>
                <![CDATA[Windows]]>
              </value>
            </param>
            <param index="1">
              <value>
                <![CDATA[chrome]]>
              </value>
            </param>
          </params>
          <reporter-output>
          </reporter-output>
        </test-method> <!-- setUp -->
        <test-method signature="searchbookshelves()[pri:1, instance:TestCases.TC_003_GiftCards@46cdf8bd]" started-at="2024-02-08T16:22:48 IST" name="searchbookshelves" finished-at="2024-02-08T16:23:32 IST" duration-ms="44713" status="PASS">
          <reporter-output>
          </reporter-output>
        </test-method> <!-- searchbookshelves -->
        <test-method signature="Items()[pri:3, instance:TestCases.TC_003_GiftCards@46cdf8bd]" started-at="2024-02-08T16:23:33 IST" name="Items" finished-at="2024-02-08T16:23:49 IST" duration-ms="15853" status="PASS">
          <reporter-output>
          </reporter-output>
        </test-method> <!-- Items -->
        <test-method signature="ClickGiftCards(java.lang.String,java.lang.String,java.lang.String,java.lang.String,java.lang.String,java.lang.String,java.lang.String,java.lang.String,java.lang.String,java.lang.String,java.lang.String)[pri:4, instance:TestCases.TC_003_GiftCards@46cdf8bd]" started-at="2024-02-08T16:23:51 IST" name="ClickGiftCards" data-provider="giftData" finished-at="2024-02-08T16:24:32 IST" duration-ms="40507" status="PASS">
          <params>
            <param index="0">
              <value>
                <![CDATA[1500]]>
              </value>
            </param>
            <param index="1">
              <value>
                <![CDATA[Harish]]>
              </value>
            </param>
            <param index="2">
              <value>
                <![CDATA[harish@gmail.com]]>
              </value>
            </param>
            <param index="3">
              <value>
                <![CDATA[8945272835]]>
              </value>
            </param>
            <param index="4">
              <value>
                <![CDATA[Alok]]>
              </value>
            </param>
            <param index="5">
              <value>
                <![CDATA[alok@gmail.com]]>
              </value>
            </param>
            <param index="6">
              <value>
                <![CDATA[8050234147]]>
              </value>
            </param>
            <param index="7">
              <value>
                <![CDATA[Hubli]]>
              </value>
            </param>
            <param index="8">
              <value>
                <![CDATA[560045]]>
              </value>
            </param>
            <param index="9">
              <value>
                <![CDATA[Hubli]]>
              </value>
            </param>
            <param index="10">
              <value>
                <![CDATA[harish@fsfsx]]>
              </value>
            </param>
          </params>
          <reporter-output>
          </reporter-output>
        </test-method> <!-- ClickGiftCards -->
        <test-method signature="GetErrorMsg()[pri:6, instance:TestCases.TC_003_GiftCards@46cdf8bd]" started-at="2024-02-08T16:24:33 IST" name="GetErrorMsg" finished-at="2024-02-08T16:24:46 IST" duration-ms="13199" status="PASS">
          <reporter-output>
          </reporter-output>
        </test-method> <!-- GetErrorMsg -->
        <test-method signature="ValidateDetails(java.lang.String,java.lang.String,java.lang.String,java.lang.String,java.lang.String,java.lang.String,java.lang.String,java.lang.String,java.lang.String,java.lang.String,java.lang.String)[pri:7, instance:TestCases.TC_003_GiftCards@46cdf8bd]" started-at="2024-02-08T16:24:47 IST" name="ValidateDetails" data-provider="giftData" finished-at="2024-02-08T16:25:07 IST" duration-ms="20135" status="PASS">
          <params>
            <param index="0">
              <value>
                <![CDATA[1500]]>
              </value>
            </param>
            <param index="1">
              <value>
                <![CDATA[Harish]]>
              </value>
            </param>
            <param index="2">
              <value>
                <![CDATA[harish@gmail.com]]>
              </value>
            </param>
            <param index="3">
              <value>
                <![CDATA[8945272835]]>
              </value>
            </param>
            <param index="4">
              <value>
                <![CDATA[Alok]]>
              </value>
            </param>
            <param index="5">
              <value>
                <![CDATA[alok@gmail.com]]>
              </value>
            </param>
            <param index="6">
              <value>
                <![CDATA[8050234147]]>
              </value>
            </param>
            <param index="7">
              <value>
                <![CDATA[Hubli]]>
              </value>
            </param>
            <param index="8">
              <value>
                <![CDATA[560045]]>
              </value>
            </param>
            <param index="9">
              <value>
                <![CDATA[Hubli]]>
              </value>
            </param>
            <param index="10">
              <value>
                <![CDATA[harish@fsfsx]]>
              </value>
            </param>
          </params>
          <reporter-output>
          </reporter-output>
        </test-method> <!-- ValidateDetails -->
        <test-method is-config="true" signature="tearDown()[pri:0, instance:TestCases.TC_003_GiftCards@46cdf8bd]" started-at="2024-02-08T16:25:09 IST" name="tearDown" finished-at="2024-02-08T16:25:10 IST" duration-ms="1416" status="PASS">
          <reporter-output>
          </reporter-output>
        </test-method> <!-- tearDown -->
      </class> <!-- TestCases.TC_003_GiftCards -->
    </test> <!-- Test1 -->
  </suite> <!-- Suite -->
</testng-results>
